<?xml version="1.0" encoding="UTF-8"?>
<!-- Generated by org.testng.reporters.JUnitXMLReporter -->
<testsuite ignored="0" hostname="Shamanth" failures="0" tests="6" name="Test" time="0.325" errors="0" timestamp="2024-02-07T14:58:18 IST">
  <testcase classname="masudeomvn.Mavenjava.SeleniumTest" name="BrowserAutomation" time="0.043"/>
  <testcase classname="masudeomvn.Mavenjava.SeleniumTest" name="elementUI" time="0.004"/>
  <testcase classname="masudeomvn.Mavenjava.Rest" name="deleteTwitter" time="0.009"/>
  <testcase classname="masudeomvn.Mavenjava.Rest" name="postJira" time="0.011"/>
  <testcase classname="masudeomvn.Mavenjava.AppiumTest" name="iOSAPP" time="0.009"/>
  <testcase classname="masudeomvn.Mavenjava.AppiumTest" name="nativeAPPAndroid" time="0.006"/>
</testsuite> <!-- Test -->
