<?xml version="1.0" encoding="UTF-8"?>
<!-- Generated by org.testng.reporters.JUnitXMLReporter -->
<testsuite ignored="0" hostname="Shamanth" failures="0" tests="6" name="Test" time="0.048" errors="0" timestamp="2024-02-07T15:45:43 IST">
  <testcase classname="masudeomvn.Mavenjava.SeleniumTest" name="BrowserAutomation" time="0.006"/>
  <testcase classname="masudeomvn.Mavenjava.SeleniumTest" name="elementUI" time="0.0"/>
  <testcase classname="masudeomvn.Mavenjava.Rest" name="deleteTwitter" time="0.001"/>
  <testcase classname="masudeomvn.Mavenjava.Rest" name="postJira" time="0.0"/>
  <testcase classname="masudeomvn.Mavenjava.AppiumTest" name="iOSAPP" time="0.001"/>
  <testcase classname="masudeomvn.Mavenjava.AppiumTest" name="nativeAPPAndroid" time="0.001"/>
</testsuite> <!-- Test -->
