<?xml version="1.0" encoding="UTF-8"?>
<testng-results ignored="0" total="6" passed="6" failed="0" skipped="0">
  <reporter-output>
  </reporter-output>
  <suite started-at="2024-02-07T15:45:43 IST" name="Suite" finished-at="2024-02-07T15:45:43 IST" duration-ms="48">
    <groups>
    </groups>
    <test started-at="2024-02-07T15:45:43 IST" name="Test" finished-at="2024-02-07T15:45:43 IST" duration-ms="48">
      <class name="masudeomvn.Mavenjava.SeleniumTest">
        <test-method signature="BrowserAutomation()[pri:0, instance:masudeomvn.Mavenjava.SeleniumTest@5ddf0d24]" started-at="2024-02-07T15:45:43 IST" name="BrowserAutomation" finished-at="2024-02-07T15:45:43 IST" duration-ms="6" status="PASS">
          <reporter-output>
          </reporter-output>
        </test-method> <!-- BrowserAutomation -->
        <test-method signature="elementUI()[pri:0, instance:masudeomvn.Mavenjava.SeleniumTest@5ddf0d24]" started-at="2024-02-07T15:45:43 IST" name="elementUI" finished-at="2024-02-07T15:45:43 IST" duration-ms="0" status="PASS">
          <reporter-output>
          </reporter-output>
        </test-method> <!-- elementUI -->
      </class> <!-- masudeomvn.Mavenjava.SeleniumTest -->
      <class name="masudeomvn.Mavenjava.AppiumTest">
        <test-method signature="iOSAPP()[pri:0, instance:masudeomvn.Mavenjava.AppiumTest@61fe30]" started-at="2024-02-07T15:45:43 IST" name="iOSAPP" finished-at="2024-02-07T15:45:43 IST" duration-ms="1" status="PASS">
          <reporter-output>
          </reporter-output>
        </test-method> <!-- iOSAPP -->
        <test-method signature="nativeAPPAndroid()[pri:0, instance:masudeomvn.Mavenjava.AppiumTest@61fe30]" started-at="2024-02-07T15:45:43 IST" name="nativeAPPAndroid" finished-at="2024-02-07T15:45:43 IST" duration-ms="1" status="PASS">
          <reporter-output>
          </reporter-output>
        </test-method> <!-- nativeAPPAndroid -->
      </class> <!-- masudeomvn.Mavenjava.AppiumTest -->
      <class name="masudeomvn.Mavenjava.Rest">
        <test-method signature="deleteTwitter()[pri:0, instance:masudeomvn.Mavenjava.Rest@66c61024]" started-at="2024-02-07T15:45:43 IST" name="deleteTwitter" finished-at="2024-02-07T15:45:43 IST" duration-ms="1" status="PASS">
          <reporter-output>
          </reporter-output>
        </test-method> <!-- deleteTwitter -->
        <test-method signature="postJira()[pri:0, instance:masudeomvn.Mavenjava.Rest@66c61024]" started-at="2024-02-07T15:45:43 IST" name="postJira" finished-at="2024-02-07T15:45:43 IST" duration-ms="0" status="PASS">
          <reporter-output>
          </reporter-output>
        </test-method> <!-- postJira -->
      </class> <!-- masudeomvn.Mavenjava.Rest -->
    </test> <!-- Test -->
  </suite> <!-- Suite -->
</testng-results>
