<?xml version="1.0" encoding="UTF-8"?>
<testng-results ignored="0" total="6" passed="6" failed="0" skipped="0">
  <reporter-output>
  </reporter-output>
  <suite started-at="2024-02-07T14:58:18 IST" name="Suite" finished-at="2024-02-07T14:58:18 IST" duration-ms="325">
    <groups>
    </groups>
    <test started-at="2024-02-07T14:58:18 IST" name="Test" finished-at="2024-02-07T14:58:18 IST" duration-ms="325">
      <class name="masudeomvn.Mavenjava.SeleniumTest">
        <test-method signature="BrowserAutomation()[pri:0, instance:masudeomvn.Mavenjava.SeleniumTest@74f5ce22]" started-at="2024-02-07T14:58:18 IST" name="BrowserAutomation" finished-at="2024-02-07T14:58:18 IST" duration-ms="43" status="PASS">
          <reporter-output>
          </reporter-output>
        </test-method> <!-- BrowserAutomation -->
        <test-method signature="elementUI()[pri:0, instance:masudeomvn.Mavenjava.SeleniumTest@74f5ce22]" started-at="2024-02-07T14:58:18 IST" name="elementUI" finished-at="2024-02-07T14:58:18 IST" duration-ms="4" status="PASS">
          <reporter-output>
          </reporter-output>
        </test-method> <!-- elementUI -->
      </class> <!-- masudeomvn.Mavenjava.SeleniumTest -->
      <class name="masudeomvn.Mavenjava.AppiumTest">
        <test-method signature="iOSAPP()[pri:0, instance:masudeomvn.Mavenjava.AppiumTest@6a55299e]" started-at="2024-02-07T14:58:18 IST" name="iOSAPP" finished-at="2024-02-07T14:58:18 IST" duration-ms="9" status="PASS">
          <reporter-output>
          </reporter-output>
        </test-method> <!-- iOSAPP -->
        <test-method signature="nativeAPPAndroid()[pri:0, instance:masudeomvn.Mavenjava.AppiumTest@6a55299e]" started-at="2024-02-07T14:58:18 IST" name="nativeAPPAndroid" finished-at="2024-02-07T14:58:18 IST" duration-ms="6" status="PASS">
          <reporter-output>
          </reporter-output>
        </test-method> <!-- nativeAPPAndroid -->
      </class> <!-- masudeomvn.Mavenjava.AppiumTest -->
      <class name="masudeomvn.Mavenjava.Rest">
        <test-method signature="deleteTwitter()[pri:0, instance:masudeomvn.Mavenjava.Rest@51acdf2e]" started-at="2024-02-07T14:58:18 IST" name="deleteTwitter" finished-at="2024-02-07T14:58:18 IST" duration-ms="9" status="PASS">
          <reporter-output>
          </reporter-output>
        </test-method> <!-- deleteTwitter -->
        <test-method signature="postJira()[pri:0, instance:masudeomvn.Mavenjava.Rest@51acdf2e]" started-at="2024-02-07T14:58:18 IST" name="postJira" finished-at="2024-02-07T14:58:18 IST" duration-ms="11" status="PASS">
          <reporter-output>
          </reporter-output>
        </test-method> <!-- postJira -->
      </class> <!-- masudeomvn.Mavenjava.Rest -->
    </test> <!-- Test -->
  </suite> <!-- Suite -->
</testng-results>
