<?xml version="1.0" encoding="UTF-8"?>
<!-- Generated by org.testng.reporters.JUnitReportReporter -->
<testsuite hostname="Shamanth" failures="0" tests="2" name="masudeomvn.Mavenjava.SeleniumTest" time="0.006" errors="0" timestamp="2024-02-07T15:45:43 IST" skipped="0">
  <testcase classname="masudeomvn.Mavenjava.SeleniumTest" name="elementUI" time="0.000"/>
  <testcase classname="masudeomvn.Mavenjava.SeleniumTest" name="BrowserAutomation" time="0.006"/>
</testsuite> <!-- masudeomvn.Mavenjava.SeleniumTest -->
